TN:
SF:function\formatCheck.js
FN:40,(anonymous_1)
FN:40,(anonymous_2)
FN:40,(anonymous_3)
FN:40,(anonymous_4)
FN:1,checkName
FN:5,checkCardNumber
FN:14,checkCCV
FN:18,checkExpDate
FNF:8
FNH:8
FNDA:2,(anonymous_1)
FNDA:3,(anonymous_2)
FNDA:4,(anonymous_3)
FNDA:5,(anonymous_4)
FNDA:2,checkName
FNDA:3,checkCardNumber
FNDA:4,checkCCV
FNDA:5,checkExpDate
DA:2,2
DA:3,1
DA:6,3
DA:7,1
DA:9,2
DA:10,1
DA:12,1
DA:15,4
DA:16,1
DA:19,5
DA:20,5
DA:21,5
DA:22,1
DA:24,4
DA:25,1
DA:27,3
DA:28,1
DA:30,2
DA:31,2
DA:32,2
DA:33,2
DA:34,1
DA:38,1
DA:40,5
LF:24
LH:24
BRDA:2,0,0,1
BRDA:2,0,1,1
BRDA:6,1,0,1
BRDA:9,2,0,1
BRDA:15,3,0,3
BRDA:15,3,1,1
BRDA:15,4,0,4
BRDA:15,4,1,2
BRDA:21,5,0,1
BRDA:21,5,1,4
BRDA:24,6,0,1
BRDA:24,6,1,3
BRDA:27,7,0,1
BRDA:33,8,0,1
BRF:14
BRH:14
end_of_record
